"../../../Engine/Content/EditorLandscapeResources/LandscapeGizmo_Mat.uasset" 0
"../../../Engine/Content/EditorLandscapeResources/LandscapeGizmo_Mat_Copied.uasset" 1
"../../../Engine/Content/EditorLandscapeResources/SplineEditorMeshMat.uasset" 2
"../../../Engine/Content/EditorLandscapeResources/SplineEditorMesh.uasset" 3
"../../../Engine/Content/EditorMaterials/Cross.uasset" 4
"../../../Engine/Content/EditorMaterials/Cross_Mat.uasset" 5
"../../../Engine/Content/EditorMaterials/GizmoMaterial.uasset" 6
"../../../Engine/Content/Functions/Engine_MaterialFunctions02/ExampleContent/Textures/flipbook.uasset" 7
"../../../Engine/Content/Functions/Engine_MaterialFunctions02/Texturing/FlipBook.uasset" 8
"../../../Engine/Content/Functions/Engine_MaterialFunctions02/Utility/Sign.uasset" 9
"../../../Engine/Content/Functions/Engine_MaterialFunctions02/Utility/Round.uasset" 10
"../../../Engine/Content/EditorResources/T_EditorHelp.uasset" 11
"../../../Engine/Content/EditorMaterials/HelpActorMaterial.uasset" 12
"../../../Engine/Content/EditorMaterials/CompositeARGBLayer.uasset" 13
"../../../Engine/Content/EditorMaterials/TilingAALineIntegral.uasset" 14
"../../../Engine/Content/EditorMaterials/TilingAALineBoxFiltered.uasset" 15
"../../../Engine/Content/Functions/Engine_MaterialFunctions03/Procedurals/ComputeFilterWidth.uasset" 16
"../../../Engine/Content/EditorMaterials/TilingAADots.uasset" 17
"../../../Engine/Content/EngineMaterials/BlendFunc_DefBase.uasset" 18
"../../../Engine/Content/EngineMaterials/BlendFunc_DefBlend.uasset" 19
"../../../Engine/Content/Functions/Engine_MaterialFunctions03/Blends/Blend_Screen.uasset" 20
"../../../Engine/Content/EditorMaterials/TilingAAGrid.uasset" 21
"../../../Engine/Content/EditorMaterials/LevelGridMaterial.uasset" 22
"../../../Engine/Content/EditorMaterials/MakeCompositeARGBLayer.uasset" 23
"../../../Engine/Content/EditorResources/LevelGrid1DStripes.uasset" 24
"../../../Engine/Content/EditorMaterials/TextureGridCascaded1D.uasset" 25
"../../../Engine/Content/EditorMaterials/TextureGridCascaded2D.uasset" 26
"../../../Engine/Content/EditorMaterials/LevelGridMaterial2.uasset" 27
"../../../Engine/Content/EditorMaterials/MAT_Groups_Toggle.uasset" 28
"../../../Engine/Content/EditorMaterials/MAT_Groups_Visibility.uasset" 29
"../../../Engine/Content/EditorMaterials/AntialiasedGridFloor.uasset" 30
"../../../Engine/Content/EditorResources/TilePatine_D.uasset" 31
"../../../Engine/Content/EditorResources/TilePatine_N.uasset" 32
"../../../Engine/Content/EngineMaterials/Grid.uasset" 33
"../../../Engine/Content/EditorMaterials/PersonaFloorMat.uasset" 34
"../../../Engine/Content/EditorMaterials/PhAT_BoneSelectedMaterial.uasset" 35
"../../../Engine/Content/EditorMaterials/PhAT_ElemSelectedMaterial.uasset" 36
"../../../Engine/Content/EditorMaterials/PhAT_NoCollisionMaterial.uasset" 37
"../../../Engine/Content/EditorMaterials/PhAT_UnselectedMaterial.uasset" 38
"../../../Engine/Content/EditorMaterials/PreviewShadowIndicator.uasset" 39
"../../../Engine/Content/EditorMaterials/PreviewShadowIndicatorMaterial.uasset" 40
"../../../Engine/Content/EditorMaterials/TargetIcon.uasset" 41
"../../../Engine/Content/EditorMaterials/Tick.uasset" 42
"../../../Engine/Content/EditorMaterials/Tick_Mat.uasset" 43
"../../../Engine/Content/EditorMaterials/WidgetGridVertexColorMaterial.uasset" 44
"../../../Engine/Content/EditorMaterials/WidgetGridVertexColorMaterial_Ma.uasset" 45
"../../../Engine/Content/EditorMaterials/WidgetMaterial.uasset" 46
"../../../Engine/Content/EditorMaterials/WidgetMaterial_Current.uasset" 47
"../../../Engine/Content/EditorMaterials/WidgetMaterial_X.uasset" 48
"../../../Engine/Content/EditorMaterials/WidgetMaterial_Y.uasset" 49
"../../../Engine/Content/EditorMaterials/WidgetMaterial_Z.uasset" 50
"../../../Engine/Content/EditorMaterials/WidgetVertexColorMaterial.uasset" 51
"../../../Engine/Content/EditorMaterials/AssetViewer/EpicQuadPanorama_CC+EV1.uasset" 52
"../../../Engine/Content/MapTemplates/Sky/SunsetAmbientCubemap.uasset" 53
"../../../Engine/Content/EditorMaterials/AssetViewer/M_SkyBox.uasset" 54
"../../../Engine/Content/EditorMaterials/MatineeGroups/MAT_ColorTrack.uasset" 55
"../../../Engine/Content/EditorMaterials/MatineeGroups/MAT_Groups_Anim.uasset" 56
"../../../Engine/Content/EditorMaterials/MatineeGroups/MAT_Groups_AudioMaster.uasset" 57
"../../../Engine/Content/EditorMaterials/MatineeGroups/MAT_Groups_Director.uasset" 58
"../../../Engine/Content/EditorMaterials/MatineeGroups/MAT_Groups_Event.uasset" 59
"../../../Engine/Content/EditorMaterials/MatineeGroups/MAT_Groups_Fade.uasset" 60
"../../../Engine/Content/EditorMaterials/MatineeGroups/MAT_Groups_Float.uasset" 61
"../../../Engine/Content/EditorMaterials/MatineeGroups/MAT_Groups_Move.uasset" 62
"../../../Engine/Content/EditorMaterials/MatineeGroups/MAT_Groups_Slomo.uasset" 63
"../../../Engine/Content/EditorMaterials/MatineeGroups/MAT_Groups_Sound.uasset" 64
"../../../Engine/Content/EditorMaterials/MatineeGroups/MAT_Groups_Vector.uasset" 65
"../../../Engine/Content/EditorMaterials/ParticleSystems/PSysThumbnail_NoImage.uasset" 66
"../../../Engine/Content/EditorMaterials/ParticleSystems/PSysThumbnail_OOD.uasset" 67
"../../../Engine/Content/EditorMaterials/Thumbnails/FloorPlaneMaterial.uasset" 68
"../../../Engine/Content/EditorMeshes/EditorCube.uasset" 69
"../../../Engine/Content/EditorMeshes/EditorCylinder.uasset" 70
"../../../Engine/Content/EditorMeshes/EditorPlane.uasset" 71
"../../../Engine/Content/EditorMaterials/Thumbnails/SkySphereMaterial.uasset" 72
"../../../Engine/Content/EditorMeshes/EditorSkySphere.uasset" 73
"../../../Engine/Content/EditorMeshes/EditorSphere.uasset" 74
"../../../Engine/Content/EditorResources/MatineeCam_D.uasset" 75
"../../../Engine/Content/EditorMaterials/MatineeCam_mat.uasset" 76
"../../../Engine/Content/EditorMeshes/MatineeCam_SM.uasset" 77
"../../../Engine/Content/Functions/Engine_MaterialFunctions01/Shading/ConvertFromDiffSpec.uasset" 78
"../../../Engine/Content/EditorMaterials/GridMaterial.uasset" 79
"../../../Engine/Content/EditorMeshes/PhAT_FloorBox.uasset" 80
"../../../Engine/Content/Functions/Engine_MaterialFunctions01/Opacity/CameraDepthFade.uasset" 81
"../../../Engine/Content/EngineMaterials/T_Default_Material_Grid_M.uasset" 82
"../../../Engine/Content/EngineMaterials/T_Default_Material_Grid_N.uasset" 83
"../../../Engine/Content/EngineMaterials/WorldGridMaterial.uasset" 84
"../../../Engine/Content/EditorMeshes/PlanarReflectionPlane.uasset" 85
"../../../Engine/Content/EditorMeshes/AssetViewer/Floor_Mesh.uasset" 86
"../../../Engine/Content/EditorMeshes/AssetViewer/Sphere_inversenormals.uasset" 87
"../../../Engine/Content/EditorMaterials/Camera/CineMat.uasset" 88
"../../../Engine/Content/EditorMaterials/Camera/MI_CineMat_CameraBody.uasset" 89
"../../../Engine/Content/EngineDebugMaterials/M_SimpleOpaque.uasset" 90
"../../../Engine/Content/EditorMaterials/Camera/MI_CineMat_CamViewFinder.uasset" 91
"../../../Engine/Content/EditorMeshes/Camera/SM_CineCam.uasset" 92
"../../../Engine/Content/EditorMaterials/Camera/MI_CineMat_Rig.uasset" 93
"../../../Engine/Content/EditorMeshes/Camera/SM_CraneRig_Arm.uasset" 94
"../../../Engine/Content/EditorMeshes/Camera/SM_CraneRig_Base.uasset" 95
"../../../Engine/Content/EditorMeshes/Camera/SM_CraneRig_Body.uasset" 96
"../../../Engine/Content/EditorMeshes/Camera/SM_CraneRig_Mount.uasset" 97
"../../../Engine/Content/EditorMeshes/Camera/SM_RailRig_Mount.uasset" 98
"../../../Engine/Content/EditorMeshes/Camera/SM_RailRig_Track.uasset" 99
"../../../Engine/Content/EditorMeshes/ColorCalibrator/M_ChromeBall.uasset" 100
"../../../Engine/Content/EditorResources/Bad.uasset" 101
"../../../Engine/Content/EditorResources/BadBlueprintSprite.uasset" 102
"../../../Engine/Content/EditorResources/BSPVertex.uasset" 103
"../../../Engine/Content/EditorResources/EmptyActor.uasset" 104
"../../../Engine/Content/EditorResources/MatInstActSprite.uasset" 105
"../../../Engine/Content/EditorResources/SceneManager.uasset" 106
"../../../Engine/Content/EditorResources/SimplygonLogo.uasset" 107
"../../../Engine/Content/EditorResources/SmallFont.uasset" 108
"../../../Engine/Content/EditorResources/S_Actor.uasset" 109
"../../../Engine/Content/EditorResources/S_DecalActorIcon.uasset" 110
"../../../Engine/Content/EditorResources/S_Emitter.uasset" 111
"../../../Engine/Content/EditorResources/S_ExpoHeightFog.uasset" 112
"../../../Engine/Content/EditorResources/S_FTest.uasset" 113
"../../../Engine/Content/EditorResources/S_KBSJoint.uasset" 114
"../../../Engine/Content/EditorResources/S_KHinge.uasset" 115
"../../../Engine/Content/EditorResources/S_KPrismatic.uasset" 116
"../../../Engine/Content/EditorResources/S_LevelSequence.uasset" 117
"../../../Engine/Content/EditorResources/S_NavP.uasset" 118
"../../../Engine/Content/EditorResources/S_Note.uasset" 119
"../../../Engine/Content/EditorResources/S_Player.uasset" 120
"../../../Engine/Content/EditorResources/S_PortalActorIcon2.uasset" 121
"../../../Engine/Content/EditorResources/S_RadForce.uasset" 122
"../../../Engine/Content/EditorResources/S_ReflActorIcon.uasset" 123
"../../../Engine/Content/EditorResources/S_Terrain.uasset" 124
"../../../Engine/Content/EditorResources/S_TextRenderActorIcon.uasset" 125
"../../../Engine/Content/EditorResources/S_Thruster.uasset" 126
"../../../Engine/Content/EditorResources/S_Trigger.uasset" 127
"../../../Engine/Content/EditorResources/S_VectorFieldVol.uasset" 128
"../../../Engine/Content/EditorResources/S_WindDirectional.uasset" 129
"../../../Engine/Content/EditorResources/AI/S_NavLink.uasset" 130
"../../../Engine/Content/EditorResources/LightIcons/SkyLight.uasset" 131
"../../../Engine/Content/EditorResources/LightIcons/S_LightDirectional.uasset" 132
"../../../Engine/Content/EditorResources/LightIcons/S_LightDirectionalMove.uasset" 133
"../../../Engine/Content/EditorResources/LightIcons/S_LightError.uasset" 134
"../../../Engine/Content/EditorResources/LightIcons/S_LightPoint.uasset" 135
"../../../Engine/Content/EditorResources/LightIcons/S_LightPointMove.uasset" 136
"../../../Engine/Content/EditorResources/LightIcons/S_LightSpot.uasset" 137
"../../../Engine/Content/EditorResources/LightIcons/S_LightSpotMove.uasset" 138
"../../../Engine/Content/EditorResources/SequenceRecorder/Countdown.uasset" 139
"../../../Engine/Content/EditorResources/SequenceRecorder/RecordingIndicator.uasset" 140
"../../../Engine/Content/EditorResources/Spline/T_Loft_Spline.uasset" 141
"../../../Engine/Content/EditorSounds/Notifications/CompileFailed.uasset" 142
"../../../Engine/Content/EditorSounds/Notifications/CompileFailed_Cue.uasset" 143
"../../../Engine/Content/EditorSounds/Notifications/CompileSuccess.uasset" 144
"../../../Engine/Content/EditorSounds/Notifications/CompileStart_Cue.uasset" 145
"../../../Engine/Content/EditorSounds/Notifications/CompileSuccess_Cue.uasset" 146
"../../../Engine/Content/EngineDamageTypes/DmgTypeBP_Environmental.uasset" 147
"../../../Engine/Content/EngineDebugMaterials/HeatmapGradient.uasset" 148
"../../../Engine/Content/EngineDebugMaterials/BoneWeightMaterial.uasset" 149
"../../../Engine/Content/EngineDebugMaterials/ClothMaterial.uasset" 150
"../../../Engine/Content/EngineDebugMaterials/ClothMaterial_WF.uasset" 151
"../../../Engine/Content/EngineDebugMaterials/DebugEditorMaterial.uasset" 152
"../../../Engine/Content/EngineDebugMaterials/DebugMeshMaterial.uasset" 153
"../../../Engine/Content/EngineDebugMaterials/GeomMaterial.uasset" 154
"../../../Engine/Content/EngineDebugMaterials/LevelColorationLitMaterial.uasset" 155
"../../../Engine/Content/EngineDebugMaterials/LevelColorationUnlitMaterial.uasset" 156
"../../../Engine/Content/EngineMaterials/DefaultWhiteGrid.uasset" 157
"../../../Engine/Content/EngineDebugMaterials/MAT_LevelColorationLitLightmapUV.uasset" 158
"../../../Engine/Content/EngineDebugMaterials/M_SimpleTranslucent.uasset" 159
"../../../Engine/Content/EngineDebugMaterials/ShadedLevelColorationLitMaterial.uasset" 160
"../../../Engine/Content/EngineDebugMaterials/ShadedLevelColorationUnlitMateri.uasset" 161
"../../../Engine/Content/EngineDebugMaterials/VertexColorMaterial.uasset" 162
"../../../Engine/Content/EngineDebugMaterials/VertexColorViewMode_AlphaAsColor.uasset" 163
"../../../Engine/Content/EngineDebugMaterials/VertexColorViewMode_BlueOnly.uasset" 164
"../../../Engine/Content/EngineDebugMaterials/VertexColorViewMode_ColorOnly.uasset" 165
"../../../Engine/Content/EngineDebugMaterials/VertexColorViewMode_GreenOnly.uasset" 166
"../../../Engine/Content/EngineDebugMaterials/VertexColorViewMode_RedOnly.uasset" 167
"../../../Engine/Content/EngineDebugMaterials/WireframeMaterial.uasset" 168
"../../../Engine/Content/EngineFonts/Faces/RobotoBold.uasset" 169
"../../../Engine/Content/EngineFonts/Faces/RobotoBoldItalic.uasset" 170
"../../../Engine/Content/EngineFonts/Faces/RobotoItalic.uasset" 171
"../../../Engine/Content/EngineFonts/Faces/RobotoLight.uasset" 172
"../../../Engine/Content/EngineFonts/Faces/RobotoRegular.uasset" 173
"../../../Engine/Content/EngineFonts/Roboto.uasset" 174
"../../../Engine/Content/EngineFonts/Faces/RobotoTiny.uasset" 175
"../../../Engine/Content/EngineFonts/RobotoTiny.uasset" 176
"../../../Engine/Content/EngineFonts/SmallFont.uasset" 177
"../../../Engine/Content/EngineFonts/TinyFont.uasset" 178
"../../../Engine/Content/EngineMaterials/BaseFlattenDiffuseMap.uasset" 179
"../../../Engine/Content/EngineMaterials/BaseFlattenEmissiveMap.uasset" 180
"../../../Engine/Content/EngineMaterials/BaseFlattenGrayscaleMap.uasset" 181
"../../../Engine/Content/EngineMaterials/BaseFlattenNormalMap.uasset" 182
"../../../Engine/Content/EngineMaterials/BaseFlattenMaterial.uasset" 183
"../../../Engine/Content/EngineResources/WhiteSquareTexture.uasset" 184
"../../../Engine/Content/EngineMaterials/BlinkingCaret.uasset" 185
"../../../Engine/Content/EngineMaterials/DefaultBloomKernel.uasset" 186
"../../../Engine/Content/EngineMaterials/DefaultBokeh.uasset" 187
"../../../Engine/Content/EngineMaterials/DefaultDiffuse.uasset" 188
"../../../Engine/Content/EngineMaterials/DefaultDeferredDecalMaterial.uasset" 189
"../../../Engine/Content/EngineMaterials/DefaultLightFunctionMaterial.uasset" 190
"../../../Engine/Content/EngineMaterials/DefaultNormal.uasset" 191
"../../../Engine/Content/Functions/Engine_MaterialFunctions02/Utility/BreakOutFloat2Components.uasset" 192
"../../../Engine/Content/EngineMaterials/DefaultPostProcessMaterial.uasset" 193
"../../../Engine/Content/EngineFonts/RobotoDistanceField.uasset" 194
"../../../Engine/Content/EngineMaterials/DefaultTextMaterialOpaque.uasset" 195
"../../../Engine/Content/EngineMaterials/EditorBrushMaterial.uasset" 196
"../../../Engine/Content/EngineMaterials/Grid_N.uasset" 197
"../../../Engine/Content/EngineMaterials/HighResolutionScreenshotMaskFunction.uasset" 198
"../../../Engine/Content/EngineMaterials/HighResScreenshot.uasset" 199
"../../../Engine/Content/EngineMaterials/HighResScreenshotCaptureRegion.uasset" 200
"../../../Engine/Content/EngineMaterials/HighResScreenshotMask.uasset" 201
"../../../Engine/Content/EngineMaterials/LandscapeHolePhysicalMaterial.uasset" 202
"../../../Engine/Content/EngineMaterials/InvalidLightmapSettings.uasset" 203
"../../../Engine/Content/EngineMaterials/M_InvalidLightmapSettings.uasset" 204
"../../../Engine/Content/EngineMaterials/PaperDiffuse.uasset" 205
"../../../Engine/Content/EngineMaterials/PaperNormal.uasset" 206
"../../../Engine/Content/Functions/Engine_MaterialFunctions02/WorldPositionOffset/CameraOffset.uasset" 207
"../../../Engine/Content/EngineMaterials/PhAT_JointLimitMaterial.uasset" 208
"../../../Engine/Content/EngineMaterials/PhysMat_Rubber.uasset" 209
"../../../Engine/Content/EngineMaterials/PreintegratedSkinBRDF.uasset" 210
"../../../Engine/Content/EngineMaterials/RemoveSurfaceMaterial.uasset" 211
"../../../Engine/Content/EngineMaterials/WeightMapPlaceholderTexture.uasset" 212
"../../../Engine/Content/EngineMaterials/Widget3DPassThrough.uasset" 213
"../../../Engine/Content/EngineMaterials/Widget3DPassThrough_Masked.uasset" 214
"../../../Engine/Content/EngineMaterials/Widget3DPassThrough_Opaque.uasset" 215
"../../../Engine/Content/EngineMaterials/Widget3DPassThrough_Masked_OneSided.uasset" 216
"../../../Engine/Content/EngineMaterials/Widget3DPassThrough_Opaque_OneSided.uasset" 217
"../../../Engine/Content/EngineMaterials/Widget3DPassThrough_Translucent.uasset" 218
"../../../Engine/Content/EngineMaterials/Widget3DPassThrough_Translucent_OneSided.uasset" 219
"../../../Engine/Content/EngineMaterials/DefaultMaterial.uasset" 220
"../../../Engine/Content/EngineMeshes/Cube.uasset" 221
"../../../Engine/Content/EngineMeshes/Cylinder.uasset" 222
"../../../Engine/Content/EngineMeshes/Sphere.uasset" 223
"../../../Engine/Content/EngineResources/Black.uasset" 224
"../../../Engine/Content/EngineResources/DefaultTexture.uasset" 225
"../../../Engine/Content/EngineResources/DefaultTextureCube.uasset" 226
"../../../Engine/Content/EngineResources/DefaultVolumeTexture2D.uasset" 227
"../../../Engine/Content/EngineResources/DefaultVolumeTexture.uasset" 228
"../../../Engine/Content/EngineResources/GradientTexture0.uasset" 229
"../../../Engine/Content/EngineResources/StreamingPauseIcon.uasset" 230
"../../../Engine/Content/EngineResources/M_StreamingPause.uasset" 231
"../../../Engine/Content/EngineSounds/Master.uasset" 232
"../../../Engine/Content/Functions/Engine_MaterialFunctions01/Shading/PowerToRoughness.uasset" 233
"../../../Engine/Content/Maps/Entry_BuiltData.uasset" 234
"../../../Engine/Content/Maps/Templates/Thumbnails/Default.uasset" 235
"../../../Engine/Content/Maps/Templates/Thumbnails/VR-Basic.uasset" 236
"../../../Engine/Content/MapTemplates/Sky/DaylightAmbientCubemap.uasset" 237
"../../../Engine/Content/MobileResources/T_MobileControls_texture.uasset" 238
"../../../Engine/Content/MobileResources/T_MobileMenu2.uasset" 239
"../../../Engine/Content/MobileResources/HUD/AnalogHat.uasset" 240
"../../../Engine/Content/MobileResources/HUD/VirtualJoystick_Background.uasset" 241
"../../../Engine/Content/MobileResources/HUD/VirtualJoystick_Thumb.uasset" 242
"../../../Engine/Content/MobileResources/HUD/DefaultVirtualJoysticks.uasset" 243
"../../../Engine/Content/MobileResources/HUD/LeftVirtualJoystickOnly.uasset" 244
"../../../Engine/Content/MobileResources/HUD/MobileHUDButton1_off.uasset" 245
"../../../Engine/Content/MobileResources/HUD/MobileHUDButton1_on.uasset" 246
"../../../Engine/Content/MobileResources/HUD/MobileHUDButton2_off.uasset" 247
"../../../Engine/Content/MobileResources/HUD/MobileHUDButton2_on.uasset" 248
"../../../Engine/Content/MobileResources/HUD/MobileHUDButton3.uasset" 249
"../../../Engine/Content/MobileResources/HUD/MobileHUDButtonFire.uasset" 250
"../../../Engine/Content/MobileResources/HUD/MobileHUDDirectionPad.uasset" 251
"../../../Engine/Content/MobileResources/HUD/MobileHUDDirectionPad2.uasset" 252
"../../../Engine/Content/MobileResources/HUD/MobileHUDDirectionPad3.uasset" 253
"../../../Engine/Content/MobileResources/HUD/MobileHUDDirectionStick.uasset" 254
"../../../Engine/Content/MobileResources/HUD/T_Castle_ThumbstickInner.uasset" 255
"../../../Engine/Content/MobileResources/HUD/T_Castle_ThumbstickOutter.uasset" 256
"../../../Engine/Content/Tutorial/ContentIntroCurve.uasset" 257
"../../../Engine/Content/Tutorial/Basics/ContentBrowserOverview.uasset" 258
"../../../Engine/Content/Tutorial/Basics/FeaturePacks.uasset" 259
"../../../Engine/Content/Tutorial/Basics/LevelEditorAttract.uasset" 260
"../../../Engine/Content/Tutorial/Basics/TutorialAssets/icon_tab_Levels_40x.uasset" 261
"../../../Engine/Content/Tutorial/Basics/LevelEditorOverview.uasset" 262
"../../../Engine/Content/Tutorial/Basics/TutorialAssets/CameraActor_64x.uasset" 263
"../../../Engine/Content/Tutorial/Basics/ViewportsTutorial.uasset" 264
"../../../Engine/Content/Tutorial/BlueprintTutorials/TutorialAssets/Blueprint_64x.uasset" 265
"../../../Engine/Content/Tutorial/BlueprintTutorials/BlueprintEditorTutorial.uasset" 266
"../../../Engine/Content/Tutorial/BlueprintTutorials/TutorialAssets/BlueprintInterface_64x.uasset" 267
"../../../Engine/Content/Tutorial/BlueprintTutorials/BlueprintInterfacesEditorOverview.uasset" 268
"../../../Engine/Content/Tutorial/BlueprintTutorials/TutorialAssets/BlueprintMacroLibrary_64x.uasset" 269
"../../../Engine/Content/Tutorial/BlueprintTutorials/BlueprintMacroLibrariesEditorOverview.uasset" 270
"../../../Engine/Content/Tutorial/BlueprintTutorials/ClassBlueprintsEditorOverview.uasset" 271
"../../../Engine/Content/Tutorial/BlueprintTutorials/LevelBlueprintEditorOverview.uasset" 272
"../../../Engine/Content/EditorBlueprintResources/ActorMacros.uasset" 273
"../../../Engine/Content/EditorBlueprintResources/StandardMacros.uasset" 274
"../../../Engine/Content/Tutorial/BlueprintTutorials/TutorialAssets/Tutorial_BP_Class.uasset" 275
"../../../Engine/Content/Tutorial/BlueprintTutorials/TutorialAssets/Tutorial_BP_Interface.uasset" 276
"../../../Engine/Content/Tutorial/BlueprintTutorials/TutorialAssets/Tutorial_BP_MacroLib.uasset" 277
"../../../Engine/Content/Tutorial/Code/AddingCode.uasset" 278
"../../../Engine/Content/Tutorial/Foliage/TutorialAssets/Foliage.uasset" 279
"../../../Engine/Content/Tutorial/Foliage/FoliageWalkThrough.uasset" 280
"../../../Engine/Content/Tutorial/Foliage/Foliage_Intro_Tutorial.uasset" 281
"../../../Engine/Content/Tutorial/Foliage/Foliage_Settings_Tutorial.uasset" 282
"../../../Engine/Content/Tutorial/Foliage/Foliage_Using_The_Tool_Tutorial.uasset" 283
"../../../Engine/Content/Tutorial/Installation/InstallingVisualStudioTutorial.uasset" 284
"../../../Engine/Content/Tutorial/Installation/InstallingXCodeTutorial.uasset" 285
"../../../Engine/Content/Tutorial/InWorldBlueprintEditing/IWBE_Tutorial.uasset" 286
"../../../Engine/Content/Tutorial/InWorldBlueprintEditing/IWBE_Tutorial_Part2.uasset" 287
"../../../Engine/Content/Tutorial/InWorldBlueprintEditing/IWBE_Tutorial_Part3.uasset" 288
"../../../Engine/Content/Tutorial/InWorldBlueprintEditing/TutorialAssets/IWBE_Bridge1.uasset" 289
"../../../Engine/Content/Tutorial/InWorldBlueprintEditing/TutorialAssets/IWBE_Bridge2.uasset" 290
"../../../Engine/Content/Tutorial/Landscape/TutorialAssets/Landscape.uasset" 291
"../../../Engine/Content/Tutorial/Landscape/LandscapeWalkThrough.uasset" 292
"../../../Engine/Content/Tutorial/Landscape/Landscape_Manage_Mode.uasset" 293
"../../../Engine/Content/Tutorial/Landscape/Landscape_Painting_Mode.uasset" 294
"../../../Engine/Content/Tutorial/Landscape/Landscape_Sculpt_Mode.uasset" 295
"../../../Engine/Content/Tutorial/Mobile/TutorialAssets/IOS.uasset" 296
"../../../Engine/Content/Tutorial/Mobile/CreatingSigningCertAndProvisionTutorial.uasset" 297
"../../../Engine/Content/Tutorial/Mobile/InstallingiTunesTutorial.uasset" 298
"../../../Engine/Content/Tutorial/Mobile/TutorialAssets/android_Icon.uasset" 299
"../../../Engine/Content/Tutorial/Mobile/SettingUpAndroidTutorial.uasset" 300
"../../../Engine/Content/Tutorial/Mobile/SettingUpLuminTutorial.uasset" 301
"../../../Engine/Content/Tutorial/Paper2D/TutorialAssets/Paper2DFlipbook_TutorialIcon.uasset" 302
"../../../Engine/Content/Tutorial/Paper2D/FlipbookEditorTutorial.uasset" 303
"../../../Engine/Content/Tutorial/Paper2D/TutorialAssets/Paper2DSprite_TutorialIcon.uasset" 304
"../../../Engine/Content/Tutorial/Paper2D/SpriteEditorTutorial.uasset" 305
"../../../Engine/Content/Tutorial/SubEditors/GettingSubstance.uasset" 306
"../../../Engine/Content/Tutorial/SubEditors/MaterialEditorTutorial.uasset" 307
"../../../Engine/Content/Tutorial/SubEditors/ParticleSystemEditorTutorial.uasset" 308
"../../../Engine/Content/Tutorial/SubEditors/TutorialAssets/icon_ShowSkeletalMeshes_40x.uasset" 309
"../../../Engine/Content/Tutorial/SubEditors/PersonaAnimBlueprintEditorWalkthrough.uasset" 310
"../../../Engine/Content/Tutorial/SubEditors/PersonaAnimEditorWalkthrough.uasset" 311
"../../../Engine/Content/Tutorial/SubEditors/PersonaWalkthrough.uasset" 312
"../../../Engine/Content/Tutorial/SubEditors/SkeletalMeshEditorWalkthrough.uasset" 313
"../../../Engine/Content/Tutorial/SubEditors/SkeletonModeWalkthrough.uasset" 314
"../../../Engine/Content/Tutorial/SubEditors/StaticMeshEditorTutorial.uasset" 315
"../../../Engine/Content/Tutorial/SubEditors/TutorialAssets/icon_Editor_Preferences_General_40x.uasset" 316
"../../../Engine/Content/Tutorial/SubEditors/TutorialAssets/TutorialMaterial.uasset" 317
"../../../Engine/Content/Tutorial/SubEditors/TutorialAssets/T_SmokeSubUV_8X8.uasset" 318
"../../../Engine/Content/Tutorial/SubEditors/TutorialAssets/T_soft_smoke.uasset" 319
"../../../Engine/Content/Tutorial/SubEditors/TutorialAssets/M_smoke_subUV_blackbody.uasset" 320
"../../../Engine/Content/Tutorial/SubEditors/TutorialAssets/TutorialParticleSystem.uasset" 321
"../../../Engine/Content/VREditor/LaserPointer/VR_LaserPower_01.uasset" 322
"../../../Engine/Content/VREditor/TransformGizmo/TransformGizmoMaterial.uasset" 323
"../../../Engine/Content/VREditor/TransformGizmo/TranslucentTransformGizmoMaterial.uasset" 324
"../../../Engine/Content/VREditor/TransformGizmo/BoundingBoxCorner.uasset" 325
"../../../Engine/Content/VREditor/TransformGizmo/BoundingBoxEdge.uasset" 326
"../../../Engine/Content/VREditor/TransformGizmo/PlaneTranslationHandle.uasset" 327
"../../../Engine/Content/VREditor/TransformGizmo/Main.uasset" 328
"../../../Engine/Content/VREditor/TransformGizmo/Xray.uasset" 329
"../../../Engine/Content/VREditor/TransformGizmo/SM_Sequencer_Key.uasset" 330
"../../../Engine/Content/VREditor/TransformGizmo/SM_Sequencer_Node.uasset" 331
"../../../Engine/Content/Animation/DefaultAnimCurveCompressionSettings.uasset" 332
"../../../Engine/Content/ArtTools/RenderToTexture/Enums/RenderToTexture_Enum.uasset" 333
"../../../Engine/Content/ArtTools/RenderToTexture/Enums/RenderToTexture_Flipbook_Enum.uasset" 334
"../../../Engine/Content/ArtTools/RenderToTexture/Enums/RenderToTexture_Imposter_Enum.uasset" 335
"../../../Engine/Content/ArtTools/RenderToTexture/Enums/EIntTypes.uasset" 336
"../../../Engine/Content/ArtTools/RenderToTexture/Macros/RenderToTextureFunctionLibrary.uasset" 337
"../../../Engine/Content/ArtTools/RenderToTexture/Enums/EFloatTypes.uasset" 338
"../../../Engine/Content/ArtTools/RenderToTexture/Macros/RenderToTextureMacros.uasset" 339
"../../../Engine/Content/ArtTools/RenderToTexture/Meshes/S_1_Unit_Plane.uasset" 340
"../../../Engine/Content/BasicShapes/Cone.uasset" 341
"../../../Engine/Content/BasicShapes/Cylinder.uasset" 342
"../../../Engine/Content/BasicShapes/Plane.uasset" 343
"../../../Engine/Content/BasicShapes/Sphere.uasset" 344
"../../../Engine/Content/EngineMaterials/DefaultPhysicalMaterial.uasset" 345
"../../../Engine/Content/BufferVisualization/AmbientOcclusion.uasset" 346
"../../../Engine/Content/BufferVisualization/BaseColor.uasset" 347
"../../../Engine/Content/BufferVisualization/CustomDepth.uasset" 348
"../../../Engine/Content/Functions/Engine_MaterialFunctions02/Utility/VectorLength.uasset" 349
"../../../Engine/Content/BufferVisualization/CustomDepthWorldUnits.uasset" 350
"../../../Engine/Content/Functions/Engine_MaterialFunctions01/Texturing/ScaleUVsByCenter.uasset" 351
"../../../Engine/Content/Functions/Engine_MaterialFunctions02/ScreenResolution.uasset" 352
"../../../Engine/Content/Functions/Engine_MaterialFunctions02/Texturing/ScreenAlignedUVs.uasset" 353
"../../../Engine/Content/Functions/Engine_MaterialFunctions02/Utility/MakeFloat2.uasset" 354
"../../../Engine/Content/Functions/Engine_MaterialFunctions02/Utility/MakeFloat3.uasset" 355
"../../../Engine/Content/EngineMaterials/MiniFont.uasset" 356
"../../../Engine/Content/BufferVisualization/CustomStencil.uasset" 357
"../../../Engine/Content/BufferVisualization/FinalImage.uasset" 358
"../../../Engine/Content/BufferVisualization/LightingModel.uasset" 359
"../../../Engine/Content/BufferVisualization/MaterialAO.uasset" 360
"../../../Engine/Content/BufferVisualization/Metallic.uasset" 361
"../../../Engine/Content/BufferVisualization/Opacity.uasset" 362
"../../../Engine/Content/BufferVisualization/PostTonemapHDRColor.uasset" 363
"../../../Engine/Content/BufferVisualization/PreTonemapHDRColor.uasset" 364
"../../../Engine/Content/BufferVisualization/Roughness.uasset" 365
"../../../Engine/Content/BufferVisualization/SceneColor.uasset" 366
"../../../Engine/Content/BufferVisualization/SceneDepth.uasset" 367
"../../../Engine/Content/BufferVisualization/SceneDepthWorldUnits.uasset" 368
"../../../Engine/Content/BufferVisualization/SeparateTranslucencyA.uasset" 369
"../../../Engine/Content/BufferVisualization/SeparateTranslucencyRGB.uasset" 370
"../../../Engine/Content/BufferVisualization/Specular.uasset" 371
"../../../Engine/Content/BufferVisualization/SubsurfaceColor.uasset" 372
"../../../Engine/Content/BufferVisualization/Velocity.uasset" 373
"../../../Engine/Content/BufferVisualization/WorldNormal.uasset" 374
"../../../Engine/Content/EditorLandscapeResources/DataLayer.uasset" 375
"../../../Engine/Content/EditorLandscapeResources/DefaultAlphaTexture.uasset" 376
"../../../Engine/Content/EditorLandscapeResources/LandscapeGizmoHeight_Mat.uasset" 377
"../../Plugins/2D/Paper2D/Content/PlaceholderTextures/DummySpriteTexture.uasset" 378
"../../Plugins/2D/Paper2D/Content/DummySprite.uasset" 379
"../../Plugins/2D/Paper2D/Content/DefaultPaperTerrainMaterial.uasset" 380
"../../Plugins/2D/Paper2D/Content/DefaultSpriteMaterial.uasset" 381
"../../Plugins/2D/Paper2D/Content/MaskedUnlitSpriteMaterial.uasset" 382
"../../Plugins/2D/Paper2D/Content/OpaqueUnlitSpriteMaterial.uasset" 383
"../../Plugins/Enterprise/DatasmithContent/Content/Blueprints/FBXImporter/ArrayOfActor.uasset" 384
"../../Plugins/Enterprise/DatasmithContent/Content/Blueprints/FBXImporter/ArrayOfSwitch.uasset" 385
"../../Plugins/Enterprise/DatasmithContent/Content/Blueprints/FBXImporter/BP_SceneNode.uasset" 386
"../../Plugins/Enterprise/DatasmithContent/Content/Blueprints/FBXImporter/BP_Switch.uasset" 387
"../../Plugins/Enterprise/DatasmithContent/Content/Blueprints/FBXImporter/BP_SceneRoot.uasset" 388
"../../Plugins/Enterprise/DatasmithContent/Content/Blueprints/FBXImporter/FBXImporterUtils.uasset" 389
"../../Plugins/Enterprise/DatasmithContent/Content/Blueprints/FBXImporter/Animation/DeltaGenAnimationTrackType.uasset" 390
"../../Plugins/Enterprise/DatasmithContent/Content/Blueprints/FBXImporter/Animation/VREDAnimationTrackComponent.uasset" 391
"../../Plugins/Enterprise/DatasmithContent/Content/Blueprints/FBXImporter/Animation/VREDAnimationTrackType.uasset" 392
"../../Plugins/Enterprise/DatasmithContent/Content/Blueprints/FBXImporter/Animation/VREDAnimCurveComponent.uasset" 393
"../../Plugins/Enterprise/DatasmithContent/Content/Blueprints/FBXImporter/Animation/VREDAnimCurveType.uasset" 394
"../../Plugins/Enterprise/DatasmithContent/Content/Blueprints/FBXImporter/Variants/VariantSwitchType.uasset" 395
"../../Plugins/Enterprise/DatasmithContent/Content/Blueprints/FBXImporter/Variants/VREDVariantSwitchType.uasset" 396
"../../Plugins/Enterprise/DatasmithContent/Content/Blueprints/FBXImporter/Variants/VREDVariantType.uasset" 397
"../../Plugins/Runtime/Oculus/OculusVR/Content/OculusMR_RenderTarget.uasset" 398
"../../../Engine/Content/Functions/Engine_MaterialFunctions02/Utility/BreakOutFloat4Components.uasset" 399
"../../Plugins/Runtime/Oculus/OculusVR/Content/Materials/OculusMR_ChromaKey.uasset" 400
"../../Plugins/Runtime/Oculus/OculusVR/Content/Materials/OculusMR_ChromaKey_Lit.uasset" 401
"../../Plugins/Runtime/Oculus/OculusVR/Content/Materials/OculusMR_OpaqueColoredMaterial.uasset" 402
"../../Plugins/Runtime/Oculus/OculusVR/Content/Materials/OculusMR_WhiteMaterial.uasset" 403
"../../Plugins/Runtime/Oculus/OculusVR/Content/Materials/PokeAHoleMaterial.uasset" 404
"../../Plugins/Runtime/Oculus/OculusVR/Content/Textures/GearVRController_AO.uasset" 405
"../../Plugins/Runtime/Oculus/OculusVR/Content/Textures/GearVRController_Color.uasset" 406
"../../Plugins/Runtime/Oculus/OculusVR/Content/Textures/GearVRController_Normal.uasset" 407
"../../Plugins/Runtime/Oculus/OculusVR/Content/Materials/GearVRControllerMaterial.uasset" 408
"../../Plugins/Runtime/Oculus/OculusVR/Content/Meshes/GearVrController.uasset" 409
"../../Plugins/Runtime/Oculus/OculusVR/Content/Textures/touchController_albedo.uasset" 410
"../../Plugins/Runtime/Oculus/OculusVR/Content/Textures/touchController_controlmap.uasset" 411
"../../Plugins/Runtime/Oculus/OculusVR/Content/Materials/touchController_mat.uasset" 412
"../../Plugins/Runtime/Oculus/OculusVR/Content/Meshes/LeftTouchController.uasset" 413
"../../Plugins/Runtime/Oculus/OculusVR/Content/Meshes/RiftHMD.uasset" 414
"../../Plugins/Runtime/Oculus/OculusVR/Content/Meshes/RightTouchController.uasset" 415
"E:/GameJam3/GMTKGameJam2019/Content/Menu/MenuAssets/OptionsNormal.uasset" 416
"E:/GameJam3/GMTKGameJam2019/Content/Game_Blueprints/SLS_GameSTate.uasset" 417
"E:/GameJam3/GMTKGameJam2019/Content/Game_Blueprints/SLS_GameStateBP.uasset" 418
"E:/GameJam3/GMTKGameJam2019/Content/CharactersBP/Player/SmokeTrailMaterial.uasset" 419
"E:/GameJam3/GMTKGameJam2019/Content/CharactersBP/Player/SmokeTrailPS.uasset" 420
"E:/GameJam3/GMTKGameJam2019/Content/CharactersBP/Player/SmokeTrailBP.uasset" 421
"../../../Engine/Content/BasicShapes/BasicShapeMaterial.uasset" 422
"../../../Engine/Content/BasicShapes/Cube.uasset" 423
"E:/GameJam3/GMTKGameJam2019/Content/CharactersBP/Player/BulletBP.uasset" 424
"E:/GameJam3/GMTKGameJam2019/Content/CharactersBP/Player/Gun/VFX_Toolkit_V1/Mat_Functions/Lu_RadialGradient.uasset" 425
"E:/GameJam3/GMTKGameJam2019/Content/CharactersBP/Player/Gun/VFX_Toolkit_V1/Materials/Generic/M_Basic_Dots.uasset" 426
"../../../Engine/Content/Functions/Engine_MaterialFunctions02/Utility/Sine_Remapped.uasset" 427
"E:/GameJam3/GMTKGameJam2019/Content/CharactersBP/Player/Gun/VFX_Toolkit_V1/Mat_Functions/Luos_Mask_Distorter.uasset" 428
"E:/GameJam3/GMTKGameJam2019/Content/CharactersBP/Player/Gun/VFX_Toolkit_V1/Mat_Functions/Luos_TimeSine.uasset" 429
"E:/GameJam3/GMTKGameJam2019/Content/CharactersBP/Player/Gun/VFX_Toolkit_V1/Textures/Color/T_MFSpark_01.uasset" 430
"E:/GameJam3/GMTKGameJam2019/Content/CharactersBP/Player/Gun/VFX_Toolkit_V1/Textures/NoiseNormals/T_NoiseNormal_81.uasset" 431
"E:/GameJam3/GMTKGameJam2019/Content/CharactersBP/Player/Gun/VFX_Toolkit_V1/Materials/356Days/M_MuzzleFlash1_01.uasset" 432
"E:/GameJam3/GMTKGameJam2019/Content/CharactersBP/Player/Gun/VFX_Toolkit_V1/MatInstances/356Days/MI_MuzzleCore_01.uasset" 433
"E:/GameJam3/GMTKGameJam2019/Content/CharactersBP/Player/Gun/VFX_Toolkit_V1/Textures/Color/T_MFBigSpark_01.uasset" 434
"E:/GameJam3/GMTKGameJam2019/Content/CharactersBP/Player/Gun/VFX_Toolkit_V1/MatInstances/356Days/MI_MuzzleStar_01.uasset" 435
"E:/GameJam3/GMTKGameJam2019/Content/CharactersBP/Player/Gun/VFX_Toolkit_V1/Textures/Color/T_MFTriSpark_01.uasset" 436
"E:/GameJam3/GMTKGameJam2019/Content/CharactersBP/Player/Gun/VFX_Toolkit_V1/MatInstances/356Days/MI_MuzzleTriSpark_01.uasset" 437
"E:/GameJam3/GMTKGameJam2019/Content/CharactersBP/Player/Gun/VFX_Toolkit_V1/StaticMeshes/Beams/SM_MuzzleCore_01.uasset" 438
"E:/GameJam3/GMTKGameJam2019/Content/CharactersBP/Player/Gun/VFX_Toolkit_V1/StaticMeshes/Beams/SM_MuzzleStar_01.uasset" 439
"E:/GameJam3/GMTKGameJam2019/Content/CharactersBP/Player/Gun/VFX_Toolkit_V1/StaticMeshes/Beams/SM_MuzzleTriSpark_01.uasset" 440
"E:/GameJam3/GMTKGameJam2019/Content/CharactersBP/Player/Gun/VFX_Toolkit_V1/ParticleSystems/356Days/Par_MuzzleFlash1_01.uasset" 441
"E:/GameJam3/GMTKGameJam2019/Content/CharactersBP/Player/MuzzleLight_BP.uasset" 442
"E:/GameJam3/GMTKGameJam2019/Content/RenderMaterials/PostProcess.uasset" 443
"E:/GameJam3/GMTKGameJam2019/Content/CharactersBP/Player/Audio/267065__brainclaim__agressive-heart-beat.uasset" 444
"E:/GameJam3/GMTKGameJam2019/Content/CharactersBP/Player/Audio/267065__brainclaim__agressive-heart-beat_Cue.uasset" 445
"E:/GameJam3/GMTKGameJam2019/Content/CharactersBP/Player/Audio/GUN_FIRE-GoodSoundForYou-820112263.uasset" 446
"E:/GameJam3/GMTKGameJam2019/Content/CharactersBP/Player/Audio/GUN_FIRE-GoodSoundForYou-820112263_Cue.uasset" 447
"E:/GameJam3/GMTKGameJam2019/Content/CharactersBP/Player/Gun/Deagle_Diffuse_2.uasset" 448
"E:/GameJam3/GMTKGameJam2019/Content/CharactersBP/Player/Gun/blinn1SG.uasset" 449
"E:/GameJam3/GMTKGameJam2019/Content/CharactersBP/Player/Gun/Deagle_Deagle_gun1.uasset" 450
"E:/GameJam3/GMTKGameJam2019/Content/CharactersBP/Player/SLS_Player_BP.uasset" 451
"E:/GameJam3/GMTKGameJam2019/Content/Menu/MenuAssets/QuitGameNormal.uasset" 452
"E:/GameJam3/GMTKGameJam2019/Content/Menu/MenuAssets/StartGameNormal.uasset" 453
"E:/GameJam3/GMTKGameJam2019/Content/Menu/MainMenuWidget.uasset" 454
"E:/GameJam3/GMTKGameJam2019/Content/Menu/MainMenuHUD.uasset" 455
"E:/GameJam3/GMTKGameJam2019/Content/Game_Blueprints/SLS_GameModeBP.uasset" 456
"E:/GameJam3/GMTKGameJam2019/Content/RenderMaterials/WireframeMat.uasset" 457
"E:/GameJam3/GMTKGameJam2019/Content/Game_Blueprints/StaticMeshHandler.uasset" 458
"E:/GameJam3/GMTKGameJam2019/Content/Map/Standard_BuiltData.uasset" 459
"E:/GameJam3/GMTKGameJam2019/Content/Map/Content/Textures/T_MacroVariation.uasset" 460
"E:/GameJam3/GMTKGameJam2019/Content/Map/Content/Textures/T_Metal_Copper_D.uasset" 461
"E:/GameJam3/GMTKGameJam2019/Content/Map/Content/Textures/T_Metal_Gold_N.uasset" 462
"E:/GameJam3/GMTKGameJam2019/Content/Map/Content/Materials/M_Metal_Copper.uasset" 463
"E:/GameJam3/GMTKGameJam2019/Content/Map/Content/Materials/M_Basic_Floor.uasset" 464
"E:/GameJam3/GMTKGameJam2019/Content/Map/Content/Architecture/Floor_400x400.uasset" 465
"E:/GameJam3/GMTKGameJam2019/Content/Map/Content/IndustryPropsPack6/Meshes/Lampe_Metal.uasset" 466
"E:/GameJam3/GMTKGameJam2019/Content/Map/Content/IndustryPropsPack6/Meshes/Lamp2_Cylinder.uasset" 467
"../../../Engine/Content/Functions/Engine_MaterialFunctions01/ImageAdjustment/BlurSampleOffsets.uasset" 468
"../../../Engine/Content/Functions/Engine_MaterialFunctions01/ImageAdjustment/CheapContrast_RGB.uasset" 469
"../../../Engine/Content/Functions/Engine_MaterialFunctions02/HueShift.uasset" 470
"../../../Engine/Content/Functions/Engine_MaterialFunctions02/Texturing/ScreenAlignedPixelToPixelUVs.uasset" 471
"../../../Engine/Content/Functions/Engine_MaterialFunctions02/Utility/BlendAngleCorrectedNormals.uasset" 472
"../../../Engine/Content/EngineMaterials/Good64x64TilingNoiseHighFreq.uasset" 473
"../../../Engine/Content/Functions/Engine_MaterialFunctions02/Utility/DitherTemporalAA.uasset" 474
"E:/GameJam3/GMTKGameJam2019/Content/Map/Content/IndustryPropsPack6/Textures/BaseTextures/B_N.uasset" 475
"E:/GameJam3/GMTKGameJam2019/Content/Map/Content/IndustryPropsPack6/Textures/BaseTextures/BB_D.uasset" 476
"E:/GameJam3/GMTKGameJam2019/Content/Map/Content/IndustryPropsPack6/Textures/BaseTextures/BG_D.uasset" 477
"E:/GameJam3/GMTKGameJam2019/Content/Map/Content/IndustryPropsPack6/Textures/BaseTextures/T_MASK1.uasset" 478
"E:/GameJam3/GMTKGameJam2019/Content/Map/Content/IndustryPropsPack6/Textures/BaseTextures/T_MASK2.uasset" 479
"E:/GameJam3/GMTKGameJam2019/Content/Map/Content/IndustryPropsPack6/Materials/BaseMaterial/M_base.uasset" 480
"E:/GameJam3/GMTKGameJam2019/Content/Map/Content/IndustryPropsPack6/Textures/T_Barrel01_D.uasset" 481
"E:/GameJam3/GMTKGameJam2019/Content/Map/Content/IndustryPropsPack6/Textures/T_Barrel01_N.uasset" 482
"E:/GameJam3/GMTKGameJam2019/Content/Map/Content/IndustryPropsPack6/Textures/T_Barrel01_SRM.uasset" 483
"E:/GameJam3/GMTKGameJam2019/Content/Map/Content/IndustryPropsPack6/Materials/MI_Barrel01_1.uasset" 484
"E:/GameJam3/GMTKGameJam2019/Content/Map/Content/IndustryPropsPack6/Meshes/SM_Barrel03.uasset" 485
"E:/GameJam3/GMTKGameJam2019/Content/Map/Content/IndustryPropsPack6/Textures/T_Tarp01_D.uasset" 486
"E:/GameJam3/GMTKGameJam2019/Content/Map/Content/IndustryPropsPack6/Textures/T_Tarp01_N.uasset" 487
"E:/GameJam3/GMTKGameJam2019/Content/Map/Content/IndustryPropsPack6/Textures/T_Tarp01_SRM.uasset" 488
"E:/GameJam3/GMTKGameJam2019/Content/Map/Content/IndustryPropsPack6/Materials/MI_Tarp01_1.uasset" 489
"E:/GameJam3/GMTKGameJam2019/Content/Map/Content/IndustryPropsPack6/Meshes/SM_Barrel04.uasset" 490
"E:/GameJam3/GMTKGameJam2019/Content/Map/Content/IndustryPropsPack6/Textures/T_Box01_D.uasset" 491
"E:/GameJam3/GMTKGameJam2019/Content/Map/Content/IndustryPropsPack6/Textures/T_Box01_N.uasset" 492
"E:/GameJam3/GMTKGameJam2019/Content/Map/Content/IndustryPropsPack6/Textures/T_Box01_SRM.uasset" 493
"E:/GameJam3/GMTKGameJam2019/Content/Map/Content/IndustryPropsPack6/Materials/MI_Box01_2.uasset" 494
"E:/GameJam3/GMTKGameJam2019/Content/Map/Content/IndustryPropsPack6/Meshes/SM_Box02.uasset" 495
"E:/GameJam3/GMTKGameJam2019/Content/Map/Content/IndustryPropsPack6/Textures/T_Cartonbox01_D.uasset" 496
"E:/GameJam3/GMTKGameJam2019/Content/Map/Content/IndustryPropsPack6/Textures/T_Cartonbox01_N.uasset" 497
"E:/GameJam3/GMTKGameJam2019/Content/Map/Content/IndustryPropsPack6/Textures/T_Cartonbox01_SRM.uasset" 498
"E:/GameJam3/GMTKGameJam2019/Content/Map/Content/IndustryPropsPack6/Materials/MI_Cartonbox01_1.uasset" 499
"E:/GameJam3/GMTKGameJam2019/Content/Map/Content/IndustryPropsPack6/Meshes/SM_CartonBox01.uasset" 500
"E:/GameJam3/GMTKGameJam2019/Content/Map/Content/IndustryPropsPack6/Meshes/SM_CartonGarbage06.uasset" 501
"E:/GameJam3/GMTKGameJam2019/Content/Map/Content/IndustryPropsPack6/Meshes/SM_CartonGarbage07.uasset" 502
"E:/GameJam3/GMTKGameJam2019/Content/Map/Content/IndustryPropsPack6/Meshes/SM_CartonGarbage09.uasset" 503
"E:/GameJam3/GMTKGameJam2019/Content/Map/Content/IndustryPropsPack6/Textures/T_Newspaper01_D.uasset" 504
"E:/GameJam3/GMTKGameJam2019/Content/Map/Content/IndustryPropsPack6/Textures/T_Newspaper01_N.uasset" 505
"E:/GameJam3/GMTKGameJam2019/Content/Map/Content/IndustryPropsPack6/Textures/T_Newspaper01_SRM.uasset" 506
"E:/GameJam3/GMTKGameJam2019/Content/Map/Content/IndustryPropsPack6/Materials/MI_Newspaper01_1.uasset" 507
"E:/GameJam3/GMTKGameJam2019/Content/Map/Content/IndustryPropsPack6/Meshes/SM_Newspaper01.uasset" 508
"E:/GameJam3/GMTKGameJam2019/Content/Map/Content/IndustryPropsPack6/Meshes/SM_Pallet01.uasset" 509
"E:/GameJam3/GMTKGameJam2019/Content/Map/Content/IndustryPropsPack6/Textures/T_Rack_D.uasset" 510
"E:/GameJam3/GMTKGameJam2019/Content/Map/Content/IndustryPropsPack6/Textures/T_Rack_N.uasset" 511
"E:/GameJam3/GMTKGameJam2019/Content/Map/Content/IndustryPropsPack6/Textures/T_Rack_SRM.uasset" 512
"E:/GameJam3/GMTKGameJam2019/Content/Map/Content/IndustryPropsPack6/Materials/MI_Rack01_1.uasset" 513
"E:/GameJam3/GMTKGameJam2019/Content/Map/Content/IndustryPropsPack6/Meshes/SM_Rack01.uasset" 514
"E:/GameJam3/GMTKGameJam2019/Content/Map/Content/IndustryPropsPack6/Meshes/SM_Rack02.uasset" 515
"E:/GameJam3/GMTKGameJam2019/Content/Map/Content/IndustryPropsPack6/Meshes/SM_Tarp02.uasset" 516
"E:/GameJam3/GMTKGameJam2019/Content/Map/Content/IndustryPropsPack6/Textures/T_WaterTank01_D.uasset" 517
"E:/GameJam3/GMTKGameJam2019/Content/Map/Content/IndustryPropsPack6/Textures/T_WaterTank01_N.uasset" 518
"E:/GameJam3/GMTKGameJam2019/Content/Map/Content/IndustryPropsPack6/Textures/T_WaterTank01_SRM.uasset" 519
"E:/GameJam3/GMTKGameJam2019/Content/Map/Content/IndustryPropsPack6/Materials/MI_WaterTank01.uasset" 520
"E:/GameJam3/GMTKGameJam2019/Content/Map/Content/IndustryPropsPack6/Meshes/SM_WaterTank01.uasset" 521
"E:/GameJam3/GMTKGameJam2019/Content/Map/Content/ModularBuildingSet/Textures/beam_window_supports_metal_c.uasset" 522
"E:/GameJam3/GMTKGameJam2019/Content/Map/Content/ModularBuildingSet/Textures/beam_window_supports_metal_g.uasset" 523
"E:/GameJam3/GMTKGameJam2019/Content/Map/Content/ModularBuildingSet/Textures/beam_window_supports_metal_n.uasset" 524
"E:/GameJam3/GMTKGameJam2019/Content/Map/Content/ModularBuildingSet/materials/Metal/metal_trim___default.uasset" 525
"E:/GameJam3/GMTKGameJam2019/Content/Map/Content/ModularBuildingSet/Meshes/Roof_Trims/beam_roof_trim_1x1_a.uasset" 526
"E:/GameJam3/GMTKGameJam2019/Content/Map/Content/ModularBuildingSet/Meshes/Roof_Trims/beam_roof_trim_corner_2x2_a.uasset" 527
"E:/GameJam3/GMTKGameJam2019/Content/Map/Content/ModularBuildingSet/Textures/grunge_dirt_pebble_pile_a_c.uasset" 528
"E:/GameJam3/GMTKGameJam2019/Content/Map/Content/ModularBuildingSet/Textures/grunge_dirt_pebble_pile_a_g.uasset" 529
"E:/GameJam3/GMTKGameJam2019/Content/Map/Content/ModularBuildingSet/Textures/grunge_dirt_pebble_pile_a_n.uasset" 530
"E:/GameJam3/GMTKGameJam2019/Content/Map/Content/ModularBuildingSet/materials/Ground_Rubble/dirt_pebble_pile.uasset" 531
"E:/GameJam3/GMTKGameJam2019/Content/Map/Content/ModularBuildingSet/Meshes/Rubble_Piles/rubble_dirt_pebble_pile_a.uasset" 532
"E:/GameJam3/GMTKGameJam2019/Content/Map/Content/ModularBuildingSet/Textures/grunge_rubble_pile_c.uasset" 533
"E:/GameJam3/GMTKGameJam2019/Content/Map/Content/ModularBuildingSet/Textures/grunge_rubble_pile_g.uasset" 534
"E:/GameJam3/GMTKGameJam2019/Content/Map/Content/ModularBuildingSet/Textures/grunge_rubble_pile_n.uasset" 535
"E:/GameJam3/GMTKGameJam2019/Content/Map/Content/ModularBuildingSet/materials/Ground_Rubble/trash_pile.uasset" 536
"E:/GameJam3/GMTKGameJam2019/Content/Map/Content/ModularBuildingSet/Meshes/Rubble_Piles/rubble_trash_pile_a.uasset" 537
"E:/GameJam3/GMTKGameJam2019/Content/Map/Content/ModularBuildingSet/materials/black_interior.uasset" 538
"E:/GameJam3/GMTKGameJam2019/Content/Map/Content/ModularBuildingSet/Textures/tiles_wall_broken_c.uasset" 539
"E:/GameJam3/GMTKGameJam2019/Content/Map/Content/ModularBuildingSet/Textures/tiles_wall_broken_g.uasset" 540
"E:/GameJam3/GMTKGameJam2019/Content/Map/Content/ModularBuildingSet/Textures/tiles_wall_broken_n.uasset" 541
"E:/GameJam3/GMTKGameJam2019/Content/Map/Content/ModularBuildingSet/materials/Bricks_Tiles/tile_trim___default.uasset" 542
"E:/GameJam3/GMTKGameJam2019/Content/Map/Content/ModularBuildingSet/Textures/window_bump_detal_n.uasset" 543
"E:/GameJam3/GMTKGameJam2019/Content/Map/Content/ModularBuildingSet/Textures/window_spec.uasset" 544
"E:/GameJam3/GMTKGameJam2019/Content/Map/Content/ModularBuildingSet/materials/Glass/Glass.uasset" 545
"E:/GameJam3/GMTKGameJam2019/Content/Map/Content/ModularBuildingSet/Textures/glass_window_broken_g.uasset" 546
"E:/GameJam3/GMTKGameJam2019/Content/Map/Content/ModularBuildingSet/Textures/glass_window_broken_n.uasset" 547
"E:/GameJam3/GMTKGameJam2019/Content/Map/Content/ModularBuildingSet/materials/Glass/Glass_Cracked.uasset" 548
"E:/GameJam3/GMTKGameJam2019/Content/Map/Content/ModularBuildingSet/Meshes/Store_fronts/store_front_door_5x1_a.uasset" 549
"E:/GameJam3/GMTKGameJam2019/Content/Map/Content/ModularBuildingSet/Textures/window_store_shutters_c.uasset" 550
"E:/GameJam3/GMTKGameJam2019/Content/Map/Content/ModularBuildingSet/Textures/window_store_shutters_g.uasset" 551
"E:/GameJam3/GMTKGameJam2019/Content/Map/Content/ModularBuildingSet/Textures/window_store_shutters_n.uasset" 552
"E:/GameJam3/GMTKGameJam2019/Content/Map/Content/ModularBuildingSet/materials/Metal/metal_shutters.uasset" 553
"E:/GameJam3/GMTKGameJam2019/Content/Map/Content/ModularBuildingSet/Meshes/Store_fronts/store_front_shutters_3x1_a.uasset" 554
"E:/GameJam3/GMTKGameJam2019/Content/Map/Content/ModularBuildingSet/Meshes/Store_fronts/store_front_windows_intact_4x1_a.uasset" 555
"E:/GameJam3/GMTKGameJam2019/Content/Map/Content/ModularBuildingSet/Meshes/Store_fronts/store_front_windows_intact_4x1_b.uasset" 556
"E:/GameJam3/GMTKGameJam2019/Content/Map/Content/ModularBuildingSet/Meshes/Store_fronts/store_front_windows_intact_4x1_c.uasset" 557
"E:/GameJam3/GMTKGameJam2019/Content/Map/Content/ModularBuildingSet/Textures/glass_shards_c.uasset" 558
"E:/GameJam3/GMTKGameJam2019/Content/Map/Content/ModularBuildingSet/Textures/glass_shards_n.uasset" 559
"E:/GameJam3/GMTKGameJam2019/Content/Map/Content/ModularBuildingSet/materials/Glass/Glass_Shards.uasset" 560
"E:/GameJam3/GMTKGameJam2019/Content/Map/Content/ModularBuildingSet/Meshes/Store_fronts_interiors/store_front_windows_broken_4x1_c.uasset" 561
"E:/GameJam3/GMTKGameJam2019/Content/Map/Content/ModularBuildingSet/Textures/signs_decals_chinese_stores_c.uasset" 562
"E:/GameJam3/GMTKGameJam2019/Content/Map/Content/ModularBuildingSet/Textures/signs_decals_chinese_stores_g.uasset" 563
"E:/GameJam3/GMTKGameJam2019/Content/Map/Content/ModularBuildingSet/Textures/signs_decals_chinese_stores_n.uasset" 564
"E:/GameJam3/GMTKGameJam2019/Content/Map/Content/ModularBuildingSet/materials/Decals_Signs/store_signs.uasset" 565
"E:/GameJam3/GMTKGameJam2019/Content/Map/Content/ModularBuildingSet/Meshes/Store_Signs/sign_store_c.uasset" 566
"E:/GameJam3/GMTKGameJam2019/Content/Map/Content/ModularBuildingSet/Meshes/Store_Signs/sign_store_c1.uasset" 567
"E:/GameJam3/GMTKGameJam2019/Content/Map/Content/ModularBuildingSet/Textures/brick_wall_tiling_c_grey.uasset" 568
"E:/GameJam3/GMTKGameJam2019/Content/Map/Content/ModularBuildingSet/Textures/brick_wall_tiling_g.uasset" 569
"E:/GameJam3/GMTKGameJam2019/Content/Map/Content/ModularBuildingSet/Textures/brick_wall_tiling_n.uasset" 570
"E:/GameJam3/GMTKGameJam2019/Content/Map/Content/ModularBuildingSet/materials/Bricks_Tiles/brick_wall_grey.uasset" 571
"E:/GameJam3/GMTKGameJam2019/Content/Map/Content/ModularBuildingSet/Meshes/Upper_Brick_Wndws/upper_brick_wall_a_r_3x2.uasset" 572
"E:/GameJam3/GMTKGameJam2019/Content/Map/Content/ModularBuildingSet/Textures/concrete_trim_c.uasset" 573
"E:/GameJam3/GMTKGameJam2019/Content/Map/Content/ModularBuildingSet/Textures/concrete_trim_g.uasset" 574
"E:/GameJam3/GMTKGameJam2019/Content/Map/Content/ModularBuildingSet/Textures/concrete_trim_n.uasset" 575
"E:/GameJam3/GMTKGameJam2019/Content/Map/Content/ModularBuildingSet/materials/Concrete/concrete_trim.uasset" 576
"E:/GameJam3/GMTKGameJam2019/Content/Map/Content/ModularBuildingSet/materials/Glass/Glass_Opaque.uasset" 577
"E:/GameJam3/GMTKGameJam2019/Content/Map/Content/ModularBuildingSet/Meshes/Upper_Brick_Wndws/upper_brick_wndw_b_l_3x2.uasset" 578
"E:/GameJam3/GMTKGameJam2019/Content/Map/Content/ModularBuildingSet/Meshes/Upper_Brick_Wndws/upper_brick_wndw_c_r_2x2.uasset" 579
"E:/GameJam3/GMTKGameJam2019/Content/Map/Content/ModularBuildingSet/Meshes/Upper_Brick_Wndws/upper_brick_wndw_d_3x2.uasset" 580
"E:/GameJam3/GMTKGameJam2019/Content/Map/Content/ModularBuildingSet/Meshes/Upper_Deco/deco_upper_blocks_0x2.uasset" 581
"E:/GameJam3/GMTKGameJam2019/Content/Map/Content/ModularBuildingSet/Meshes/Upper_Deco/deco_upper_blocks_cnr_1x2.uasset" 582
"E:/GameJam3/GMTKGameJam2019/Content/Map/Standard.umap" 583
"E:/GameJam3/GMTKGameJam2019/Content/CharactersBP/Terrorist/TerroristAssets/Terror_Skeleton.uasset" 584
"E:/GameJam3/GMTKGameJam2019/Content/CharactersBP/Terrorist/TerroristAssets/animations/Walking_with_gun_Anim_mixamo_com.uasset" 585
"E:/GameJam3/GMTKGameJam2019/Content/CharactersBP/Terrorist/TerroristAssets/TerrorAnim.uasset" 586
"E:/GameJam3/GMTKGameJam2019/Content/CharactersBP/Terrorist/tm_elite_head_varianta.uasset" 587
"E:/GameJam3/GMTKGameJam2019/Content/CharactersBP/Terrorist/TerroristAssets/tm_elite_head_variantA.uasset" 588
"E:/GameJam3/GMTKGameJam2019/Content/CharactersBP/Terrorist/tm_leet_lowerbody_varianta.uasset" 589
"E:/GameJam3/GMTKGameJam2019/Content/CharactersBP/Terrorist/TerroristAssets/tm_leet_lowerbody_variantA.uasset" 590
"E:/GameJam3/GMTKGameJam2019/Content/CharactersBP/Terrorist/tm_leet_upperbody_varianta.uasset" 591
"E:/GameJam3/GMTKGameJam2019/Content/CharactersBP/Terrorist/TerroristAssets/tm_leet_upperbody_variantA.uasset" 592
"E:/GameJam3/GMTKGameJam2019/Content/CharactersBP/Terrorist/TerroristAssets/Terror_PhysicsAsset.uasset" 593
"E:/GameJam3/GMTKGameJam2019/Content/CharactersBP/Terrorist/TerroristAssets/Terror.uasset" 594
"E:/GameJam3/GMTKGameJam2019/Content/CharactersBP/Terrorist/TerroristAssets/Uzi/T_M11_BaseColor.uasset" 595
"E:/GameJam3/GMTKGameJam2019/Content/CharactersBP/Terrorist/TerroristAssets/Uzi/UziMaterial.uasset" 596
"E:/GameJam3/GMTKGameJam2019/Content/CharactersBP/Terrorist/TerroristAssets/Uzi/MI_M11.uasset" 597
"E:/GameJam3/GMTKGameJam2019/Content/CharactersBP/Terrorist/TerroristAssets/Uzi/SM_M11_Complete.uasset" 598
"E:/GameJam3/GMTKGameJam2019/Content/InfinityBladeEffects/Effects/FX_Monsters/FX_Monster_Chicken/P_ChickenMaster_MuzzleFlash_01.uasset" 599
"E:/GameJam3/GMTKGameJam2019/Content/CharactersBP/Terrorist/SLS_Terror_BP.uasset" 600
"../../../Engine/Content/EngineSky/C_Sky_Cloud_Color.uasset" 601
"../../../Engine/Content/EngineSky/C_Sky_Horizon_Color.uasset" 602
"../../../Engine/Content/EngineSky/C_Sky_Zenith_Color.uasset" 603
"../../../Engine/Content/EngineSky/T_Sky_Blue.uasset" 604
"../../../Engine/Content/EngineSky/T_Sky_Clouds_M.uasset" 605
"../../../Engine/Content/EngineSky/T_Sky_Stars.uasset" 606
"../../../Engine/Content/EngineSky/M_Sky_Panning_Clouds2.uasset" 607
"../../../Engine/Content/EngineSky/SM_SkySphere.uasset" 608
"../../../Engine/Content/EngineSky/BP_Sky_Sphere.uasset" 609
"E:/GameJam3/GMTKGameJam2019/Content/Map/TestMap_BuiltData.uasset" 610
"../../../Engine/Content/MapTemplates/SM_Template_Map_Floor.uasset" 611
"E:/GameJam3/GMTKGameJam2019/Content/Map/TestMap.umap" 612
